<?xml version="1.0" encoding="UTF-8"?>
<!-- Generated by org.testng.reporters.JUnitXMLReporter -->
<testsuite hostname="India-PC" ignored="0" name="Default test" tests="3" failures="0" timestamp="2020-02-01T15:47:36 IST" time="121.799" errors="0">
  <testcase name="amazonTest" time="81.093" classname="scripts.comparePriceTest"/>
  <testcase name="flipkartTest" time="26.919" classname="scripts.comparePriceTest"/>
  <testcase name="priceComparisionTest" time="0.002" classname="scripts.comparePriceTest"/>
</testsuite> <!-- Default test -->
